pass@1 >>>
Level 1: 78.2
Level 2: 69.4
Level 3: 64.3
Level 4: 50.2
Level 5: 32.2
Algebra: 70.0
Counting & Probability: 40.8
Geometry: 48.2
Intermediate Algebra: 41.8
Number Theory: 57.9
Prealgebra: 61.6
Precalculus: 39.5
Overall: 54.2

pass@2 >>>
Level 1: 90.9
Level 2: 85.6
Level 3: 80.7
Level 4: 66.0
Level 5: 46.7
Algebra: 87.0
Counting & Probability: 57.0
Geometry: 61.4
Intermediate Algebra: 55.1
Number Theory: 75.2
Prealgebra: 76.0
Precalculus: 55.0
Overall: 69.6

pass@4 >>>
Level 1: 95.9
Level 2: 93.0
Level 3: 89.7
Level 4: 77.5
Level 5: 60.3
Algebra: 95.5
Counting & Probability: 71.4
Geometry: 69.6
Intermediate Algebra: 66.6
Number Theory: 86.2
Prealgebra: 84.2
Precalculus: 67.9
Overall: 79.8

pass@8 >>>
Level 1: 98.2
Level 2: 96.4
Level 3: 94.6
Level 4: 85.1
Level 5: 71.1
Algebra: 98.6
Counting & Probability: 82.0
Geometry: 74.2
Intermediate Algebra: 76.1
Number Theory: 92.8
Prealgebra: 90.1
Precalculus: 77.8
Overall: 86.5

